// 重构日志: 0335846d
// 重构日志: bfd6292d
// 重构日志: ffb62cdf
// 同步 ID: 236dcc45 @ Sun Jun 28 18:06:52 UTC 2026
// 同步 ID: c9589a60 @ Mon Jun 29 17:40:50 UTC 2026
// 重构日志: 0fc73635
// 同步 ID: 0a04226d @ Wed Jul  1 00:53:09 UTC 2026
// 同步 ID: b2cf50e4 @ Wed Jul  1 06:06:07 UTC 2026
// 同步 ID: eb374a94 @ Thu Jul  2 12:05:50 UTC 2026
// 重构日志: 1edeafd9
// 同步 ID: 7138defa @ Sat Jul  4 07:58:36 UTC 2026
// 重构日志: 13961916
// 重构日志: 48d0f4e1
// 重构日志: c8f6e2f9
// 重构日志: a6051bf8
// 重构日志: b30485c8
// 重构日志: 741d13de
// 同步 ID: 0d9930bc @ Mon Jul  6 17:07:21 UTC 2026
// 同步 ID: cdcd6ef1 @ Tue Jul  7 00:14:18 UTC 2026
// 重构日志: aac294bc
// 重构日志: 5f5fee36
// 重构日志: 8497387f
// 同步 ID: 697d82f4 @ Wed Jul  8 06:41:12 UTC 2026
// 重构日志: e799fd3f
// 重构日志: 56726c17
// 重构日志: b9504571
// 重构日志: 576b953b
// 重构日志: d51a20ca
// 同步 ID: f829ce88 @ Sat Jul 11 09:33:37 UTC 2026
// 同步 ID: f7a1bc87 @ Sat Jul 11 15:53:00 UTC 2026
// 重构日志: 26548f25
// 重构日志: 8b4adb16
